<?xml version="1.0" encoding="UTF-8"?>
<testng-results skipped="0" failed="0" ignored="0" total="1" passed="1">
  <reporter-output>
  </reporter-output>
  <suite name="Suite" duration-ms="20182" started-at="2019-07-16T11:59:31Z" finished-at="2019-07-16T11:59:51Z">
    <groups>
    </groups>
    <test name="Test" duration-ms="20182" started-at="2019-07-16T11:59:31Z" finished-at="2019-07-16T11:59:51Z">
      <class name="testcases.VerifyAddBookTest">
        <test-method status="PASS" signature="setup()[pri:0, instance:testcases.VerifyAddBookTest@4b9e13df]" name="setup" is-config="true" duration-ms="14531" started-at="2019-07-16T11:59:31Z" finished-at="2019-07-16T11:59:46Z">
          <reporter-output>
          </reporter-output>
        </test-method> <!-- setup -->
        <test-method status="PASS" signature="addbookTest()[pri:0, instance:testcases.VerifyAddBookTest@4b9e13df]" name="addbookTest" duration-ms="3225" started-at="2019-07-16T11:59:46Z" finished-at="2019-07-16T11:59:49Z">
          <reporter-output>
          </reporter-output>
        </test-method> <!-- addbookTest -->
        <test-method status="PASS" signature="close()[pri:0, instance:testcases.VerifyAddBookTest@4b9e13df]" name="close" is-config="true" duration-ms="2354" started-at="2019-07-16T11:59:49Z" finished-at="2019-07-16T11:59:51Z">
          <reporter-output>
          </reporter-output>
        </test-method> <!-- close -->
      </class> <!-- testcases.VerifyAddBookTest -->
    </test> <!-- Test -->
  </suite> <!-- Suite -->
</testng-results>
